  lab2.cpp
d:\studia\io\projektio\spam\paulina\lab2\lab2\lab2.cpp(7): warning C4477: 'scanf_s' : format string '%d' requires an argument of type 'int *', but variadic argument 1 has type 'int **'
d:\studia\io\projektio\spam\paulina\lab2\lab2\lab2.cpp(7): warning C4477: 'scanf_s' : format string '%d' requires an argument of type 'int *', but variadic argument 2 has type 'int **'
d:\studia\io\projektio\spam\paulina\lab2\lab2\lab2.cpp(7): warning C4477: 'scanf_s' : format string '%d' requires an argument of type 'int *', but variadic argument 3 has type 'int **'
d:\studia\io\projektio\spam\paulina\lab2\lab2\lab2.cpp(7): warning C4477: 'scanf_s' : format string '%d' requires an argument of type 'int *', but variadic argument 4 has type 'int **'
d:\studia\io\projektio\spam\paulina\lab2\lab2\lab2.cpp(19): warning C4244: 'return': conversion from 'int' to 'float', possible loss of data
d:\studia\io\projektio\spam\paulina\lab2\lab2\lab2.cpp(24): warning C4244: 'return': conversion from 'double' to 'float', possible loss of data
d:\studia\io\projektio\spam\paulina\lab2\lab2\lab2.cpp(29): warning C4244: 'return': conversion from 'double' to 'float', possible loss of data
d:\studia\io\projektio\spam\paulina\lab2\lab2\lab2.cpp(34): warning C4244: 'return': conversion from 'double' to 'float', possible loss of data
d:\studia\io\projektio\spam\paulina\lab2\lab2\lab2.cpp(87): warning C4244: '=': conversion from 'int' to 'float', possible loss of data
d:\studia\io\projektio\spam\paulina\lab2\lab2\lab2.cpp(89): warning C4244: '=': conversion from 'double' to 'float', possible loss of data
d:\studia\io\projektio\spam\paulina\lab2\lab2\lab2.cpp(90): warning C4244: '=': conversion from 'double' to 'float', possible loss of data
d:\studia\io\projektio\spam\paulina\lab2\lab2\lab2.cpp(92): warning C4244: '=': conversion from 'double' to 'float', possible loss of data
d:\studia\io\projektio\spam\paulina\lab2\lab2\lab2.cpp(97): warning C4129: 'd': unrecognized character escape sequence
d:\studia\io\projektio\spam\paulina\lab2\lab2\lab2.cpp(109): warning C4244: '=': conversion from 'int' to 'float', possible loss of data
d:\studia\io\projektio\spam\paulina\lab2\lab2\lab2.cpp(115): warning C4244: '=': conversion from 'int' to 'float', possible loss of data
d:\studia\io\projektio\spam\paulina\lab2\lab2\lab2.cpp(129): warning C4244: '=': conversion from 'int' to 'float', possible loss of data
d:\studia\io\projektio\spam\paulina\lab2\lab2\lab2.cpp(145): warning C4244: '=': conversion from 'int' to 'float', possible loss of data
d:\studia\io\projektio\spam\paulina\lab2\lab2\lab2.cpp(146): warning C4244: '=': conversion from 'int' to 'float', possible loss of data
d:\studia\io\projektio\spam\paulina\lab2\lab2\lab2.cpp(155): warning C4244: '=': conversion from 'double' to 'float', possible loss of data
d:\studia\io\projektio\spam\paulina\lab2\lab2\lab2.cpp(168): warning C4244: '=': conversion from 'double' to 'float', possible loss of data
d:\studia\io\projektio\spam\paulina\lab2\lab2\lab2.cpp(182): warning C4244: '=': conversion from 'double' to 'float', possible loss of data
d:\studia\io\projektio\spam\paulina\lab2\lab2\lab2.cpp(195): warning C4244: '=': conversion from 'double' to 'float', possible loss of data
d:\studia\io\projektio\spam\paulina\lab2\lab2\lab2.cpp(206): warning C4244: '=': conversion from 'double' to 'float', possible loss of data
d:\studia\io\projektio\spam\paulina\lab2\lab2\lab2.cpp(207): warning C4244: '=': conversion from 'double' to 'float', possible loss of data
d:\studia\io\projektio\spam\paulina\lab2\lab2\lab2.cpp(208): warning C4244: '=': conversion from 'double' to 'float', possible loss of data
d:\studia\io\projektio\spam\paulina\lab2\lab2\lab2.cpp(209): warning C4244: '=': conversion from 'double' to 'float', possible loss of data
  lab2.vcxproj -> D:\Studia\IO\projektIO\spam\Paulina\lab2\Debug\lab2.exe
  lab2.vcxproj -> D:\Studia\IO\projektIO\spam\Paulina\lab2\Debug\lab2.pdb (Full PDB)
