  ConsoleApplication1.cpp
d:\studia\io\projektio\spam\paulina\jipp lab1\consoleapplication1\consoleapplication1.cpp(26): warning C4244: '=': conversion from 'int' to 'float', possible loss of data
d:\studia\io\projektio\spam\paulina\jipp lab1\consoleapplication1\consoleapplication1.cpp(28): warning C4244: '=': conversion from 'double' to 'float', possible loss of data
d:\studia\io\projektio\spam\paulina\jipp lab1\consoleapplication1\consoleapplication1.cpp(29): warning C4244: '=': conversion from 'double' to 'float', possible loss of data
d:\studia\io\projektio\spam\paulina\jipp lab1\consoleapplication1\consoleapplication1.cpp(31): warning C4244: '=': conversion from 'double' to 'float', possible loss of data
d:\studia\io\projektio\spam\paulina\jipp lab1\consoleapplication1\consoleapplication1.cpp(36): warning C4129: 'd': unrecognized character escape sequence
d:\studia\io\projektio\spam\paulina\jipp lab1\consoleapplication1\consoleapplication1.cpp(40): warning C4244: '=': conversion from 'double' to 'float', possible loss of data
d:\studia\io\projektio\spam\paulina\jipp lab1\consoleapplication1\consoleapplication1.cpp(41): warning C4244: '=': conversion from 'double' to 'float', possible loss of data
d:\studia\io\projektio\spam\paulina\jipp lab1\consoleapplication1\consoleapplication1.cpp(48): warning C4244: '=': conversion from 'int' to 'float', possible loss of data
d:\studia\io\projektio\spam\paulina\jipp lab1\consoleapplication1\consoleapplication1.cpp(54): warning C4244: '=': conversion from 'double' to 'float', possible loss of data
d:\studia\io\projektio\spam\paulina\jipp lab1\consoleapplication1\consoleapplication1.cpp(55): warning C4244: '=': conversion from 'double' to 'float', possible loss of data
d:\studia\io\projektio\spam\paulina\jipp lab1\consoleapplication1\consoleapplication1.cpp(68): warning C4244: '=': conversion from 'double' to 'float', possible loss of data
d:\studia\io\projektio\spam\paulina\jipp lab1\consoleapplication1\consoleapplication1.cpp(84): warning C4244: '=': conversion from 'double' to 'float', possible loss of data
d:\studia\io\projektio\spam\paulina\jipp lab1\consoleapplication1\consoleapplication1.cpp(85): warning C4244: '=': conversion from 'double' to 'float', possible loss of data
d:\studia\io\projektio\spam\paulina\jipp lab1\consoleapplication1\consoleapplication1.cpp(94): warning C4244: '=': conversion from 'double' to 'float', possible loss of data
d:\studia\io\projektio\spam\paulina\jipp lab1\consoleapplication1\consoleapplication1.cpp(107): warning C4244: '=': conversion from 'double' to 'float', possible loss of data
d:\studia\io\projektio\spam\paulina\jipp lab1\consoleapplication1\consoleapplication1.cpp(121): warning C4244: '=': conversion from 'double' to 'float', possible loss of data
d:\studia\io\projektio\spam\paulina\jipp lab1\consoleapplication1\consoleapplication1.cpp(134): warning C4244: '=': conversion from 'double' to 'float', possible loss of data
d:\studia\io\projektio\spam\paulina\jipp lab1\consoleapplication1\consoleapplication1.cpp(145): warning C4244: '=': conversion from 'double' to 'float', possible loss of data
d:\studia\io\projektio\spam\paulina\jipp lab1\consoleapplication1\consoleapplication1.cpp(146): warning C4244: '=': conversion from 'double' to 'float', possible loss of data
d:\studia\io\projektio\spam\paulina\jipp lab1\consoleapplication1\consoleapplication1.cpp(147): warning C4244: '=': conversion from 'double' to 'float', possible loss of data
d:\studia\io\projektio\spam\paulina\jipp lab1\consoleapplication1\consoleapplication1.cpp(148): warning C4244: '=': conversion from 'double' to 'float', possible loss of data
  ConsoleApplication1.vcxproj -> D:\Studia\IO\projektIO\spam\Paulina\jipp lab1\Debug\ConsoleApplication1.exe
  ConsoleApplication1.vcxproj -> D:\Studia\IO\projektIO\spam\Paulina\jipp lab1\Debug\ConsoleApplication1.pdb (Full PDB)
